0:100  0:100  MemLog inited, TSC freq: 2600002111
0:100  0:000  CPU was calibrated with ACPI PM Timer
0:100  0:000  
0:100  0:000  Now is 27.8.2018,  6:7:40 (GMT)
0:100  0:000  Starting Clover revision: 4658 on American Megatrends EFI
0:100  0:000  Build with: [Args: -D NO_GRUB_DRIVERS_EMBEDDED -t XCODE8 | -D NO_GRUB_DRIVERS_EMBEDDED -D USE_LOW_EBDA -a X64 -b RELEASE -t XCODE8 -n 5 | OS: 10.13.6 | XCODE: 9.4.1]
0:100  0:000  SelfDevicePath=PciRoot(0x0)\Pci(0x3,0x0)\Pci(0x0,0x0)\NVMe(0x1,C5-13-B2-71-5C-38-25-00)\HD(1,GPT,55D05B03-098D-4FEE-84BF-DEC31132CC8E,0x28,0x64000) @B9A5E018
0:100  0:000  SelfDirPath = \EFI\BOOT
0:100  0:000  === [ Get Smbios ] ========================================
0:100  0:000  Type 16 Index = 0
0:100  0:000  Total Memory Slots Count = 4
0:100  0:000  Type 17 Index = 0
0:100  0:000  SmbiosTable.Type17->Speed = 1333MHz
0:100  0:000  SmbiosTable.Type17->Size = 8192MB
0:100  0:000  SmbiosTable.Type17->Bank/Device = Node0_Bank0 Node0_Dimm0
0:100  0:000  SmbiosTable.Type17->Vendor = Samsung           
0:100  0:000  SmbiosTable.Type17->SerialNumber = 8551EF97    
0:100  0:000  SmbiosTable.Type17->PartNumber = M393B1K70CHD-
0:100  0:000  Type 17 Index = 1
0:100  0:000  SmbiosTable.Type17->Speed = 1333MHz
0:100  0:000  SmbiosTable.Type17->Size = 8192MB
0:100  0:000  SmbiosTable.Type17->Bank/Device = Node0_Bank0 Node0_Dimm1
0:100  0:000  SmbiosTable.Type17->Vendor = Samsung           
0:100  0:000  SmbiosTable.Type17->SerialNumber = 8551ED60    
0:100  0:000  SmbiosTable.Type17->PartNumber = M393B1K70CHD-
0:100  0:000  Type 17 Index = 2
0:100  0:000  SmbiosTable.Type17->Speed = 1333MHz
0:100  0:000  SmbiosTable.Type17->Size = 8192MB
0:100  0:000  SmbiosTable.Type17->Bank/Device = Node0_Bank0 Node0_Dimm2
0:100  0:000  SmbiosTable.Type17->Vendor = Samsung           
0:100  0:000  SmbiosTable.Type17->SerialNumber = 8551EE6D    
0:100  0:000  SmbiosTable.Type17->PartNumber = M393B1K70CHD-
0:100  0:000  Type 17 Index = 3
0:100  0:000  SmbiosTable.Type17->Speed = 1333MHz
0:100  0:000  SmbiosTable.Type17->Size = 8192MB
0:100  0:000  SmbiosTable.Type17->Bank/Device = Node0_Bank0 Node0_Dimm3
0:100  0:000  SmbiosTable.Type17->Vendor = Samsung           
0:100  0:000  SmbiosTable.Type17->SerialNumber = 8551EDFA    
0:100  0:000  SmbiosTable.Type17->PartNumber = M393B1K70CHD-
0:100  0:000  Boot status=0
0:100  0:000  Running on: 'MacPro6,1' with board 'MP61.88Z.0116.B04.1312061508'
0:100  0:000  === [ GetCPUProperties ] ==================================
0:100  0:000  CPU Vendor = 756E6547 Model=206D7
0:100  0:000   The CPU supported SSE4.1
0:100  0:000  BrandString = Intel(R) Xeon(R) CPU E5-2670 0 @ 2.60GHz
0:100  0:000   The CPU supported turbo
0:100  0:000  MSR 0x35               80010
0:100  0:000  MSR 0xE2 before patch 1E000403
0:100  0:000  MSR 0xCE              00000C00_64011A00
0:100  0:000  MSR 0x1B0             00000000
0:100  0:000  FSBFrequency = 100 MHz, DMI FSBFrequency = 100 MHz, Corrected FSBFrequency = 100 MHz
0:100  0:000  MaxDiv/MinDiv: 26.0/12
0:100  0:000  Turbo: 32/32/33/33
0:100  0:000  Features: 0xBFEBFBFF
0:100  0:000  Threads: 16
0:100  0:000  Cores: 8
0:100  0:000  FSB: 100 MHz
0:100  0:000  CPU: 2600 MHz
0:100  0:000  TSC: 2600 MHz
0:100  0:000  PIS: 100 MHz
0:100  0:000  ExternalClock: 25 MHz
0:100  0:000  === [ GetDevices ] ========================================
0:100  0:000  PCI (00|00:00.00) : 8086 3C00 class=060000
0:100  0:000  PCI (00|00:01.00) : 8086 3C02 class=060400
0:100  0:000  PCI (00|01:00.00) : 14E4 43BA class=028000
0:100  0:000   - WIFI: Vendor=Broadcom
0:100  0:000  PCI (00|00:02.00) : 8086 3C04 class=060400
0:100  0:000  PCI (00|02:00.00) : 10DE 100C class=030000
0:100  0:000   - GFX: Model=nVidia GeForce GTX Titan Black family F1 (Nvidia)
0:100  0:000  PCI (00|02:00.01) : 10DE 0E1A class=040300
0:100  0:000   - HDMI Audio: 
0:100  0:000  PCI (00|00:03.00) : 8086 3C08 class=060400
0:100  0:000  PCI (00|03:00.00) : 144D A804 class=010802
0:100  0:000  PCI (00|00:05.00) : 8086 3C28 class=088000
0:100  0:000  PCI (00|00:05.02) : 8086 3C2A class=088000
0:100  0:000  PCI (00|00:05.04) : 8086 3C2C class=080020
0:100  0:000  PCI (00|00:11.00) : 8086 1D3E class=060400
0:100  0:000  PCI (00|00:16.00) : 8086 1D3A class=078000
0:100  0:000  PCI (00|00:1A.00) : 8086 1D2D class=0C0320
0:100  0:000  PCI (00|00:1B.00) : 8086 1D20 class=040300
0:100  0:000  PCI (00|00:1C.00) : 8086 1D10 class=060400
0:100  0:000  PCI (00|00:1C.01) : 8086 1D12 class=060400
0:100  0:000  PCI (00|06:00.00) : 10EC 8168 class=020000
0:100  0:000   - LAN: 0 Vendor=Realtek
0:100  0:000  PCI (00|00:1C.02) : 8086 1D14 class=060400
0:100  0:000  PCI (00|07:00.00) : 1106 3483 class=0C0330
0:100  0:000  PCI (00|00:1C.03) : 8086 1D16 class=060400
0:100  0:000  PCI (00|08:00.00) : 1106 3483 class=0C0330
0:100  0:000  PCI (00|00:1C.04) : 8086 1D18 class=060400
0:100  0:000  PCI (00|09:00.00) : 1B73 1100 class=0C0330
0:100  0:000  PCI (00|00:1D.00) : 8086 1D26 class=0C0320
0:100  0:000  PCI (00|00:1E.00) : 8086 244E class=060401
0:100  0:000  PCI (00|00:1F.00) : 8086 1D41 class=060100
0:100  0:000  PCI (00|00:1F.02) : 8086 1D02 class=010601
0:100  0:000  PCI (00|00:1F.03) : 8086 1D22 class=0C0500
0:100  0:000  === [ GetDefaultSettings ] ================================
0:100  0:000  Clover load options size = 0 bytes
0:109  0:009  EFI\CLOVER\config.plist loaded: Success
0:120  0:010  === [ GetListOfThemes ] ===================================
0:124  0:004  - [00]: Bootcamp2k
0:132  0:008  - [01]: SimpleThemeDark
0:137  0:005  - [02]: Yosemite
0:146  0:009  - [03]: METAL
0:156  0:010  - [04]: Bootcamp
0:164  0:008  - [05]: BGM
0:178  0:014  - [06]: RANDOM
0:181  0:003  - [06]: EMBEDDED
0:184  0:003  === [ Found config plists ] ===============================
0:186  0:002  - config.plist
0:186  0:000  === [ GetEarlyUserSettings ] ==============================
0:186  0:000  timeout set to 5
0:186  0:000  Custom boot CUSTOM_BOOT_DISABLED (0x0)
0:186  0:000  FakeCPUID: 306E0
0:186  0:000  KextsToPatch: 6 requested
0:186  0:000   - [00]: AppleUSBXHCIPCI (usb patch) :: BinPatch :: data len: 12
0:186  0:000   - [01]: AppleUSBXHCIPCI (usb patch) :: BinPatch :: data len: 8
0:187  0:000   - [02]: AppleUSBXHCIPCI (NoLabel) :: BinPatch :: data len: 7
0:187  0:000   - [03]: com.apple.driver.usb.AppleUSBXHCIPCI (change 15 port limit to 26 in XHCI kext) :: MatchOS: 10.12.x :: BinPatch :: data len: 7
0:187  0:000   - [04]: com.apple.driver.usb.AppleUSBXHCIPCI (change 15 port limit to 26 in XHCI kext) :: MatchOS: 10.13.x :: BinPatch :: data len: 4
0:187  0:000   - [05]: IONVMeFamily (IONVMeFamily IONameMatch) :: PlistPatch :: data len: 29
0:187  0:000  Default theme: Bootcamp
0:187  0:000  ConsoleMode will be set to highest mode
0:187  0:000  Hiding entries with string Preboot
0:187  0:000  Hiding entries with string Recovery
0:187  0:000  Custom entry boot CUSTOM_BOOT_DISABLED (0x0)
0:187  0:000  === [ LoadDrivers ] =======================================
0:198  0:011  Loading AppleImageCodec-64.efi  status=Success
0:200  0:002  Loading ApfsDriverLoader-64.efi  status=Success
0:201  0:001   - driver needs connecting
0:201  0:000  Loading AppleUITheme-64.efi  status=Success
0:203  0:002  Loading AptioMemoryFix-64.efi  status=Success
0:207  0:003  Loading DataHubDxe-64.efi  status=Success
0:209  0:002  Loading AppleKeyAggregator-64.efi  status=Success
0:210  0:001  Loading HFSPlus.efi  status=Success
0:211  0:001   - driver needs connecting
0:211  0:000  Loading FSInject-64.efi  status=Success
0:212  0:001  Loading FirmwareVolume-64.efi  status=Success
0:213  0:001  Loading SMCHelper-64.efi  status=Success
0:215  0:001  Loading NvmExpressDxe-64.efi  status=Success
0:218  0:003   - driver needs connecting
0:218  0:000  3 drivers needs connecting ...
0:218  0:000  PlatformDriverOverrideProtocol not found. Installing ... Success
0:218  0:000  HFS+ driver loaded
0:218  0:000  APFS driver loaded
0:218  0:000  Searching for invalid DiskIo BY_DRIVER connects: not found, all ok
8:389  8:171  === [ InitScreen ] ========================================
8:389  0:000  SetScreenResolution: 2560x1440 - already set
8:389  0:000  Console modes reported: 4, available modes:
8:389  0:000   - [01]: 80x25 (current mode)
8:389  0:000   - [02]: 80x50
8:389  0:000   - [03]: 100x31
8:389  0:000   - [04]: 320x75
8:390  0:000    Setting mode (4): Success
8:390  0:000  reinit: self device path=PciRoot(0x0)\Pci(0x3,0x0)\Pci(0x0,0x0)\NVMe(0x1,C5-13-B2-71-5C-38-25-00)\HD(1,GPT,55D05B03-098D-4FEE-84BF-DEC31132CC8E,0x28,0x64000)
8:390  0:000  === [ GetMacAddress ] =====================================
8:390  0:000  === [ ScanSPD ] ===========================================
8:390  0:000  SMBus device : 8086 1D22 class=0C0500 status=Success
8:390  0:000  SMBus CmdReg: 0x1
8:390  0:000  Scanning SMBus [8086:1D22], mmio: 0xFB104004, ioport: 0xF000, hostc: 0x1
8:390  0:000  Slots to scan [8]...
8:391  0:001  === [ GetAcpiTablesList ] =================================
8:401  0:009  Get Acpi Tables List from RSDT:
8:401  0:000   - [00]: FACP  A M I len=132
8:401  0:000   - [01]: APIC  A M I len=312
8:401  0:000   - [02]: FPDT  A M I len=68
8:401  0:000   - [03]: FIDT  A M I len=156
8:401  0:000   - [04]: MCFG  OEMMCFG. len=60
8:401  0:000   - [05]: HPET  A M I len=56
8:401  0:000   - [06]: SSDT  CpuPm len=840576
8:401  0:000   - [07]: BGRT  A M I len=56
8:401  0:000  Calibrated TSC Frequency = 2600002111 = 2600MHz
8:401  0:000  === [ GetUserSettings ] ===================================
8:401  0:000  USB FixOwnership: no
8:401  0:000  Dropping 1 tables:
8:401  0:000   - [00]: Drop table  signature="SSDT" (54445353) table-id="CpuPm" (0000006D50757043)
8:401  0:000           - set table: 54445353,       6D50757043 to drop: yes
8:402  0:000   - final DSDT Fix mask=00022014
8:402  0:000  Using ProductName from config: MacPro6,1
8:402  0:000  Using latest BiosVersion from clover
8:402  0:000  BiosVersion: MP61.88Z.0124.B00.1804111223
8:402  0:000  BiosReleaseDate: 04/11/2018
8:402  0:000  Using FirmwareFeatures from config: 0xE80FE136
8:402  0:000  Using FirmwareFeaturesMask from config: 0xFF1FFF3F
8:402  0:000  Board-ID set from config as Mac-F60DEB81FF30ACF6
8:402  0:000  BoardType: 0xB
8:402  0:000  ChassisType: 0x2
8:402  0:000  CpuType: A02
8:402  0:000  Converted CustomUUID 3B80DFCA-DDB3-4097-A71D-9AC9F7F00817
8:403  0:001  === [ Found DSDT tables ] =================================
8:405  0:002  - DSDT.AML
10:685  2:280  === [ ScanVolumes ] =======================================
10:685  0:000  Found 22 volumes with blockIO
10:685  0:000  - [00]: Volume: PciRoot(0x0)\Pci(0x1D,0x0)\USB(0x0,0x0)\USB(0x7,0x0)
10:687  0:001          USB volume
10:687  0:000          USB volume
10:687  0:000  - [01]: Volume: PciRoot(0x0)\Pci(0x1D,0x0)\USB(0x0,0x0)\USB(0x7,0x0)\HD(1,GPT,21E81DC5-78A8-48A0-8C98-66AD0D62406C,0x28,0x64000)
10:688  0:001          Result of bootcode detection: bootable unknown (legacy)
10:688  0:000          USB volume
10:688  0:000          USB volume
10:762  0:074  - [02]: Volume: PciRoot(0x0)\Pci(0x1D,0x0)\USB(0x0,0x0)\USB(0x7,0x0)\HD(2,GPT,66435501-FCAA-4A0A-BA83-6D046BC051B4,0x64028,0xA89038)
10:763  0:001          USB volume
10:763  0:000          USB volume
10:763  0:000  - [03]: Volume: PciRoot(0x0)\Pci(0x1F,0x2)\Sata(0x0,0xFFFF,0x0)
10:764  0:001  - [04]: Volume: PciRoot(0x0)\Pci(0x1F,0x2)\Sata(0x1,0xFFFF,0x0)
10:781  0:016  - [05]: Volume: PciRoot(0x0)\Pci(0x1F,0x2)\Sata(0x3,0xFFFF,0x0)
10:782  0:000  - [06]: Volume: PciRoot(0x0)\Pci(0x1F,0x2)\Sata(0x0,0xFFFF,0x0)\HD(1,GPT,243E1450-22D9-4504-A062-9780363F0859,0x800,0xF9800)
10:782  0:000          Result of bootcode detection: bootable Windows (vista,win)
10:782  0:000  - [07]: Volume: PciRoot(0x0)\Pci(0x1F,0x2)\Sata(0x0,0xFFFF,0x0)\HD(2,GPT,8241E774-C94F-4F7F-98A7-333C6008659B,0xFA000,0x32000)
10:783  0:000          Result of bootcode detection: bootable Windows (vista,win)
10:787  0:003  - [08]: Volume: PciRoot(0x0)\Pci(0x1F,0x2)\Sata(0x0,0xFFFF,0x0)\HD(3,GPT,3169B40E-B564-49BA-B3B3-A5670A7AAC21,0x12C000,0x8000)
10:787  0:000  - [09]: Volume: PciRoot(0x0)\Pci(0x1F,0x2)\Sata(0x0,0xFFFF,0x0)\HD(4,GPT,50E26B4D-AFDC-47B7-B872-63758F8C7893,0x134000,0x1D091800)
10:788  0:000          Result of bootcode detection: bootable Windows (vista,win)
10:788  0:000  - [10]: Volume: PciRoot(0x0)\Pci(0x1F,0x2)\Sata(0x1,0xFFFF,0x0)\HD(1,MBR,0x96E1B057,0x800,0x4B000000)
10:789  0:000          Result of bootcode detection: bootable Windows (vista,win)
10:789  0:000  - [11]: Volume: PciRoot(0x0)\Pci(0x1F,0x2)\Sata(0x1,0xFFFF,0x0)\HD(2,MBR,0x96E1B057,0x4B000800,0x29705000)
10:789  0:000  - [12]: Volume: PciRoot(0x0)\Pci(0x1F,0x2)\Sata(0x3,0xFFFF,0x0)\HD(1,GPT,94ACEAB5-97A1-4C92-B4FE-15A0B4742974,0x28,0x64000)
10:790  0:000          Result of bootcode detection: bootable unknown (legacy)
10:855  0:065  - [13]: Volume: PciRoot(0x0)\Pci(0x1F,0x2)\Sata(0x3,0xFFFF,0x0)\HD(2,GPT,CEA9F2A7-28A2-482C-B412-9BC33DE39F57,0x64028,0x2538AA60)
10:862  0:006  - [14]: Volume: PciRoot(0x0)\Pci(0x3,0x0)\Pci(0x0,0x0)\NVMe(0x1,C5-13-B2-71-5C-38-25-00)
10:863  0:001  - [15]: Volume: PciRoot(0x0)\Pci(0x3,0x0)\Pci(0x0,0x0)\NVMe(0x1,C5-13-B2-71-5C-38-25-00)\HD(1,GPT,55D05B03-098D-4FEE-84BF-DEC31132CC8E,0x28,0x64000)
10:864  0:001          Result of bootcode detection: bootable unknown (legacy)
10:873  0:009          This is SelfVolume !!
10:873  0:000  - [16]: Volume: PciRoot(0x0)\Pci(0x3,0x0)\Pci(0x0,0x0)\NVMe(0x1,C5-13-B2-71-5C-38-25-00)\HD(2,GPT,4D4CC7AF-4111-4A04-B004-AB025CCEEF18,0x64028,0x1D161920)
10:874  0:001          Result of bootcode detection: bootable unknown (legacy)
10:874  0:000  - [17]: Volume: PciRoot(0x0)\Pci(0x3,0x0)\Pci(0x0,0x0)\NVMe(0x1,C5-13-B2-71-5C-38-25-00)\HD(2,GPT,4D4CC7AF-4111-4A04-B004-AB025CCEEF18,0x64028,0x1D161920)\VenMedia(BE74FCF7-0B7C-49F3-9147-01F4042E6842,1839304B4C28FF41B3E158B85BEBA647)
10:874  0:000          hiding this volume
10:874  0:000  - [18]: Volume: PciRoot(0x0)\Pci(0x3,0x0)\Pci(0x0,0x0)\NVMe(0x1,C5-13-B2-71-5C-38-25-00)\HD(2,GPT,4D4CC7AF-4111-4A04-B004-AB025CCEEF18,0x64028,0x1D161920)\VenMedia(BE74FCF7-0B7C-49F3-9147-01F4042E6842,4C7B3F298C513049A9AED54F83232A19)
10:874  0:000  - [19]: Volume: PciRoot(0x0)\Pci(0x3,0x0)\Pci(0x0,0x0)\NVMe(0x1,C5-13-B2-71-5C-38-25-00)\HD(2,GPT,4D4CC7AF-4111-4A04-B004-AB025CCEEF18,0x64028,0x1D161920)\VenMedia(BE74FCF7-0B7C-49F3-9147-01F4042E6842,0040CC8CE22D5841AFDBE85EBFEAB010)
10:875  0:000          hiding this volume
10:875  0:000  - [20]: Volume: PciRoot(0x0)\Pci(0x3,0x0)\Pci(0x0,0x0)\NVMe(0x1,C5-13-B2-71-5C-38-25-00)\HD(2,GPT,4D4CC7AF-4111-4A04-B004-AB025CCEEF18,0x64028,0x1D161920)\VenMedia(BE74FCF7-0B7C-49F3-9147-01F4042E6842,A19C92DABB28E84DB275135C7786DB1D)
10:875  0:000  - [21]: Volume: PciRoot(0x0)\Pci(0x3,0x0)\Pci(0x0,0x0)\NVMe(0x1,C5-13-B2-71-5C-38-25-00)\HD(2,GPT,4D4CC7AF-4111-4A04-B004-AB025CCEEF18,0x64028,0x1D161920)\VenMedia(BE74FCF7-0B7C-49F3-9147-01F4042E6842,49667AF601E99449ACF2E127352E9F14)
10:875  0:000  === [ InitTheme ] =========================================
10:906  0:031  Using theme 'Bootcamp' (EFI\CLOVER\themes\Bootcamp)
10:912  0:005  Loading font from ThemeDir: Success
10:913  0:000  Chosen theme Bootcamp
10:913  0:000  after NVRAM boot-args=nv_disable=1 -no_compat_check darkwake=0 npci=0x3000 brcmfx-country=HK
10:913  0:000  === [ Dump SMC keys from NVRAM ] ==========================
10:913  0:000  found AppleSMC protocol
10:942  0:028  Registered 16 SMC keys
10:942  0:000  === [ AddCustomEntries ] ==================================
10:942  0:000  Custom entry 0 FullTitle:"BootCamp" Path:"\EFI\Microsoft\Boot\bootmgfw.efi" Options:"-s -h" Type:7 Flags:0x0 matching Volume:"93DBD873-3C74-4DDC-A4FC-F11BB84D9294"
10:942  0:000      Checking volume "EFI" (PciRoot(0x0)\Pci(0x1D,0x0)\USB(0x0,0x0)\USB(0x7,0x0)\HD(1,GPT,21E81DC5-78A8-48A0-8C98-66AD0D62406C,0x28,0x64000)) ... skipped because media is ignored
10:942  0:000      Checking volume "Install macOS High Sierra" (PciRoot(0x0)\Pci(0x1D,0x0)\USB(0x0,0x0)\USB(0x7,0x0)\HD(2,GPT,66435501-FCAA-4A0A-BA83-6D046BC051B4,0x64028,0xA89038)) ... skipped because media is ignored
10:942  0:000      Checking volume "EFI" (PciRoot(0x0)\Pci(0x1F,0x2)\Sata(0x0,0xFFFF,0x0)\HD(2,GPT,8241E774-C94F-4F7F-98A7-333C6008659B,0xFA000,0x32000)) ... skipped
10:942  0:000      Checking volume "Macpn" (PciRoot(0x0)\Pci(0x1F,0x2)\Sata(0x1,0xFFFF,0x0)\HD(2,MBR,0x96E1B057,0x4B000800,0x29705000)) ... skipped
10:942  0:000      Checking volume "EFI" (PciRoot(0x0)\Pci(0x1F,0x2)\Sata(0x3,0xFFFF,0x0)\HD(1,GPT,94ACEAB5-97A1-4C92-B4FE-15A0B4742974,0x28,0x64000)) ... skipped
10:942  0:000      Checking volume "TimeMachine" (PciRoot(0x0)\Pci(0x1F,0x2)\Sata(0x3,0xFFFF,0x0)\HD(2,GPT,CEA9F2A7-28A2-482C-B412-9BC33DE39F57,0x64028,0x2538AA60)) ... skipped
10:942  0:000      Checking volume "OSXEFI" (PciRoot(0x0)\Pci(0x3,0x0)\Pci(0x0,0x0)\NVMe(0x1,C5-13-B2-71-5C-38-25-00)\HD(1,GPT,55D05B03-098D-4FEE-84BF-DEC31132CC8E,0x28,0x64000)) ... skipped
10:942  0:000      Checking volume "Preboot" (PciRoot(0x0)\Pci(0x3,0x0)\Pci(0x0,0x0)\NVMe(0x1,C5-13-B2-71-5C-38-25-00)\HD(2,GPT,4D4CC7AF-4111-4A04-B004-AB025CCEEF18,0x64028,0x1D161920)\VenMedia(BE74FCF7-0B7C-49F3-9147-01F4042E6842,1839304B4C28FF41B3E158B85BEBA647)) ... skipped because volume is hidden
10:942  0:000      Checking volume "Macintosh HD" (PciRoot(0x0)\Pci(0x3,0x0)\Pci(0x0,0x0)\NVMe(0x1,C5-13-B2-71-5C-38-25-00)\HD(2,GPT,4D4CC7AF-4111-4A04-B004-AB025CCEEF18,0x64028,0x1D161920)\VenMedia(BE74FCF7-0B7C-49F3-9147-01F4042E6842,4C7B3F298C513049A9AED54F83232A19)) ... skipped
10:942  0:000      Checking volume "Recovery" (PciRoot(0x0)\Pci(0x3,0x0)\Pci(0x0,0x0)\NVMe(0x1,C5-13-B2-71-5C-38-25-00)\HD(2,GPT,4D4CC7AF-4111-4A04-B004-AB025CCEEF18,0x64028,0x1D161920)\VenMedia(BE74FCF7-0B7C-49F3-9147-01F4042E6842,0040CC8CE22D5841AFDBE85EBFEAB010)) ... skipped because volume is hidden
10:942  0:000      Checking volume "VM" (PciRoot(0x0)\Pci(0x3,0x0)\Pci(0x0,0x0)\NVMe(0x1,C5-13-B2-71-5C-38-25-00)\HD(2,GPT,4D4CC7AF-4111-4A04-B004-AB025CCEEF18,0x64028,0x1D161920)\VenMedia(BE74FCF7-0B7C-49F3-9147-01F4042E6842,A19C92DABB28E84DB275135C7786DB1D)) ... skipped
10:942  0:000      Checking volume "10.14" (PciRoot(0x0)\Pci(0x3,0x0)\Pci(0x0,0x0)\NVMe(0x1,C5-13-B2-71-5C-38-25-00)\HD(2,GPT,4D4CC7AF-4111-4A04-B004-AB025CCEEF18,0x64028,0x1D161920)\VenMedia(BE74FCF7-0B7C-49F3-9147-01F4042E6842,49667AF601E99449ACF2E127352E9F14)) ... skipped
10:942  0:000  === [ ScanLoader ] ========================================
10:942  0:000  - [01]: 'EFI'
11:025  0:082          AddLoaderEntry for Volume Name=EFI
11:025  0:000          skipped because entry is hidden
11:025  0:000  - [02]: 'Install macOS High Sierra'
11:026  0:001          AddLoaderEntry for Volume Name=Install macOS High Sierra
11:097  0:070  - [07]: 'EFI'
11:105  0:007          AddLoaderEntry for Volume Name=EFI
11:169  0:064          AddLoaderEntry for Volume Name=EFI
11:169  0:000          skipped because entry is hidden
11:169  0:000  - [11]: 'Macpn'
11:228  0:058  - [12]: 'EFI'
11:330  0:102  - [13]: 'TimeMachine'
11:388  0:058  - [15]: 'OSXEFI'
11:449  0:060          AddLoaderEntry for Volume Name=OSXEFI
11:449  0:000          skipped because entry is hidden
11:449  0:000  - [17]: 'Preboot', hidden
11:449  0:000  - [18]: 'Macintosh HD'
11:487  0:037          AddLoaderEntry for Volume Name=Macintosh HD
11:495  0:008      Check if volume Is Hibernated:
11:495  0:000      Check sleep image 'by signature':
11:517  0:021      read prefs \Library\Preferences\com.apple.PowerManagement.plist status=Success
11:517  0:000      using default sleep image name = \private\var\vm\sleepimage
11:525  0:007      sleepimage not found -> Not Found
11:525  0:000      hibernated: no - sign
11:528  0:003          [!] Icon 18 (icons\vol_internal_apfs.icns) not found (path: EFI\CLOVER\themes\Bootcamp)
11:596  0:067  - [19]: 'Recovery', hidden
11:596  0:000  - [20]: 'VM'
11:654  0:057  - [21]: '10.14'
11:663  0:009          AddLoaderEntry for Volume Name=10.14
11:737  0:074  === [ AddCustomTool ] =====================================
11:743  0:005  found tool \EFI\CLOVER\tools\Shell64U.efi
11:743  0:000  Checking EFI partition Volume 1 for Clover
11:749  0:006   Found Clover
11:756  0:006  === [ GetEfiBootDeviceFromNvram ] =========================
11:756  0:000   - found entry 2. 'Macintosh HD', Volume 'Macintosh HD', DevicePath 'PciRoot(0x0)\Pci(0x3,0x0)\Pci(0x0,0x0)\NVMe(0x1,C5-13-B2-71-5C-38-25-00)\HD(2,GPT,4D4CC7AF-4111-4A04-B004-AB025CCEEF18,0x64028,0x1D161920)\VenMedia(BE74FCF7-0B7C-49F3-9147-01F4042E6842,4C7B3F298C513049A9AED54F83232A19)\System\Library\CoreServices\boot.efii'
11:756  0:000  DefaultIndex=2 and MainMenu.EntryCount=10
14:030  2:273  GUI ready
21:946  7:915   boot with args: nv_disable=1 -no_compat_check darkwake=0 npci=0x3000 brcmfx-country=HK -v 
21:946  0:000  ParseBootOption: invalid boot variable
21:946  0:000  BootVariable of the entry is empty
21:946  0:000  === [ StartLoader ] =======================================
21:946  0:000  Finally: ExternalClock=26MHz BusSpeed=100001kHz CPUFreq=2600MHz PIS: hw.busfrequency=104000000Hz
21:946  0:000  Loading boot.efi  status=Success
21:956  0:009  GetOSVersion: 10.14 (18A371a)
21:956  0:000  CSR_CFG: CSR_ALLOW_UNTRUSTED_KEXTS | CSR_ALLOW_UNRESTRICTED_FS | CSR_ALLOW_TASK_FOR_PID | CSR_ALLOW_UNRESTRICTED_DTRACE | CSR_ALLOW_UNRESTRICTED_NVRAM
21:956  0:000  Filtering KextPatches:
21:956  0:000   - [00]: AppleUSBXHCIPCI (usb patch) :: BinPatch :: [OS: 10.14 | MatchOS: All | MatchBuild: All] ==> allowed
21:956  0:000   - [01]: AppleUSBXHCIPCI (usb patch) :: BinPatch :: [OS: 10.14 | MatchOS: All | MatchBuild: All] ==> allowed
21:956  0:000   - [02]: AppleUSBXHCIPCI (NoLabel) :: BinPatch :: [OS: 10.14 | MatchOS: All | MatchBuild: All] ==> allowed
21:956  0:000   - [03]: com.apple.driver.usb.AppleUSBXHCIPCI (change 15 port limit to 26 in XHCI kext) :: BinPatch :: [OS: 10.14 | MatchOS: 10.12.x | MatchBuild: All] ==> not allowed
21:956  0:000   - [04]: com.apple.driver.usb.AppleUSBXHCIPCI (change 15 port limit to 26 in XHCI kext) :: BinPatch :: [OS: 10.14 | MatchOS: 10.13.x | MatchBuild: All] ==> not allowed
21:956  0:000   - [05]: IONVMeFamily (IONVMeFamily IONameMatch) :: PlistPatch :: [OS: 10.14 | MatchOS: All | MatchBuild: All] ==> allowed
21:956  0:000  Will not patch boot.efi
21:956  0:000  === [ PatchSmbios ] =======================================
21:956  0:000  insert table 9 for dev 0:0
21:956  0:000  insert table 9 for dev 0:1
21:956  0:000  insert table 9 for dev 0:0
21:956  0:000  insert table 9 for dev 0:0
21:957  0:001  Trusting SMBIOS...
21:957  0:000  Detected alternating SMBIOS channel banks
21:957  0:000  Channels: 4
21:957  0:000  Interleave: 0 2 4 6 1 3 5 7 8 10 12 14 9 11 13 15 16 18 20 22 17 19 21 23
21:957  0:000   partNum=M393B1K70CHD-
21:957  0:000  SMBIOS Type 17 Index = 0 => 0 0:
21:957  0:000   DIMM1 1333MHz 8192MB
21:957  0:000   partNum=M393B1K70CHD-
21:957  0:000  SMBIOS Type 17 Index = 1 => 1 2:
21:957  0:000   DIMM2 1333MHz 8192MB
21:957  0:000   partNum=M393B1K70CHD-
21:957  0:000  SMBIOS Type 17 Index = 2 => 2 4:
21:957  0:000   DIMM3 1333MHz 8192MB
21:957  0:000   partNum=M393B1K70CHD-
21:957  0:000  SMBIOS Type 17 Index = 3 => 3 6:
21:957  0:000   DIMM4 1333MHz 8192MB
21:957  0:000  mTotalSystemMemory = 32768
21:957  0:000  NumberOfMemoryDevices = 4
21:957  0:000  Type20[0]->End = 0x7FFFFF, Type17[0] = 0x2000
21:957  0:000  Type20[1]->End = 0xFFFFFF, Type17[1] = 0x6000
21:957  0:000  Type20[2]->End = 0x17FFFFF, Type17[2] = 0xC000
21:957  0:000  Type20[3]->End = 0x1FFFFFF, Type17[3] = 0x14000
21:957  0:000  === [ PatchACPI ] =========================================
21:957  0:000  Xsdt reallocation done
21:957  0:000  old FADT length=10C
21:957  0:000   SignatureFixup: 0x8B -> 0x0
21:960  0:003  DSDT found in Clover volume OEM folder: EFI\CLOVER\ACPI\patched\DSDT.aml
21:962  0:001  Apply DsdtFixMask=0x00022014
21:962  0:000     drop _DSM mask=0x0000
21:962  0:000  === [ FixBiosDsdt ] =======================================
21:962  0:000  Found Airport BCM at 0x10000, 0x0
21:962  0:000  VideoCard devID=0x100C10DE
21:962  0:000  DisplayADR1[0] = 0x20000, DisplayADR2[0] = 0x0
21:962  0:000  USBADR[0] = 0x1A0000 and PCIe = 0xFFFE
21:963  0:000  USBADR[1] = 0x1C0002 and PCIe = 0x0
21:963  0:000  USBADR[2] = 0x1C0003 and PCIe = 0x0
21:963  0:000  USBADR[3] = 0x1C0004 and PCIe = 0x0
21:963  0:000  USBADR[4] = 0x1D0000 and PCIe = 0xFFFE
21:963  0:000    0 replacements
21:963  0:000  first CPU found at 5C22 offset 5C26
21:963  0:000  device candidate at 5BD5
21:963  0:000  device inserted in acpi_cpu_score SCK0
21:963  0:000  score candidate at 5AB1
21:963  0:000  score inserted in acpi_cpu_score _SB_SCK0
21:963  0:000  Found ACPI CPU: C000 | C001 | C002 | C003 | C004 | C005 | C006 | C007 | C008 | C009 | C00A | C00B | C00C | C00D | C00E | C00F | C010 | C011 | C012 | C013 | C014 | C015 | C016 | C017 | C018 | C019 | C01A | C01B | C01C | C01D | C100 | C101 , within the score: _SB_SCK0
21:963  0:000  Start RTC Fix
21:963  0:000  Start HPET Fix
21:963  0:000  Start NetWork Fix
21:963  0:000  have no Network device while NetworkADR2=0
21:963  0:000  NetworkADR1=1C0001 NetworkADR2=0
21:963  0:000  network DSM created, size=78
21:964  0:000  Start SHUTDOWN Fix len=86AA
21:964  0:000  PreCleanup XSDT: count=8, length=100
21:964  0:000  PreCleanup XSDT, corrected XSDT: count=8, length=100
21:964  0:000  === [ ACPIDropTables ] ====================================
21:964  0:000  Drop tables from XSDT, SIGN=SSDT TableID=CpuPm Length=840576
21:964  0:000   Table[6]: SSDT  CpuPm  840576 dropped
21:964  0:000  === [ ACPIPatchedAML ] ====================================
21:964  0:000  Unsorted
21:964  0:000  Inserting SSDT.AML from EFI\CLOVER\ACPI\patched: size=3179 ... Success
21:966  0:002  Inserting SSDT-NVMe-extern-icon-patch.aml from EFI\CLOVER\ACPI\patched: size=198 ... Success
21:967  0:001  CPUBase=0 and ApicCPUBase=0 ApicCPUNum=16
21:967  0:000  Cleanup XSDT: count=10, length=116
21:967  0:000  corrected XSDT count=9, length=108
21:967  0:000  === [ RestSetup macOS ] ===================================
21:967  0:000  EdidDiscovered size=256
21:967  0:000  --- Discovered EDID Table size:256
21:967  0:000  000  |  00  FF  FF  FF  FF  FF  FF  00  06  10
21:967  0:000  010  |  B5  9C  00  00  00  00  1C  13  01  04
21:967  0:000  020  |  A5  3C  22  78  22  6F  B1  A7  55  4C
21:967  0:000  030  |  9E  25  0C  50  54  00  00  00  01  01
21:967  0:000  040  |  01  01  01  01  01  01  01  01  01  01
21:967  0:000  050  |  01  01  01  01  56  5E  00  A0  A0  A0
21:967  0:000  060  |  29  50  30  20  35  00  55  50  21  00
21:967  0:000  070  |  00  1A  1A  1D  00  80  51  D0  1C  20
21:967  0:000  080  |  40  80  35  00  55  50  21  00  00  1C
21:967  0:000  090  |  00  00  00  02  01  06  10  01  0A  01
21:967  0:000  100  |  00  00  00  00  00  00  00  00  00  00
21:967  0:000  110  |  00  FC  00  43  6F  6C  6F  72  20  4C
21:967  0:000  120  |  43  44  0A  20  20  20  01  08  02  03
21:967  0:000  130  |  0C  C1  23  09  07  07  83  01  00  00
21:967  0:000  140  |  56  5E  00  A0  A0  A0  29  50  30  20
21:967  0:000  150  |  35  00  55  50  21  00  00  1A  1A  1D
21:967  0:000  160  |  00  80  51  D0  1C  20  40  80  35  00
21:967  0:000  170  |  55  50  21  00  00  1C  00  00  00  00
21:967  0:000  180  |  00  00  00  00  00  00  00  00  00  00
21:967  0:000  190  |  00  00  00  00  00  00  00  00  00  00
21:967  0:000  200  |  00  00  00  00  00  00  00  00  00  00
21:967  0:000  210  |  00  00  00  00  00  00  00  00  00  00
21:967  0:000  220  |  00  00  00  00  00  00  00  00  00  00
21:967  0:000  230  |  00  00  00  00  00  00  00  00  00  00
21:967  0:000  240  |  00  00  00  00  00  00  00  00  00  00
21:967  0:000  250  |  00  00  00  00  00  13
21:967  0:000  NVidia GFX injection not set
21:967  0:000  CurrentMode: Width=2560 Height=1440
21:967  0:000  Beginning FSInjection
FSInjectionInstall ...
- Our FSI_SIMPLE_FILE_SYSTEM_PROTOCOL installed on handle: B814BC98
FSInjectionInstall ...
- Our FSI_SIMPLE_FILE_SYSTEM_PROTOCOL installed on handle: B814BC98
21:976  0:009  Use origin smbios table type 1 guid.
21:979  0:002  Preparing kexts injection for arch=x86_64 from EFI\CLOVER\kexts\Other
21:979  0:000  Extra kext: EFI\CLOVER\kexts\Other\CPUSensors.kext (v.1440)
22:010  0:031  Extra kext: EFI\CLOVER\kexts\Other\FakeSMC.kext (v.1440)
22:047  0:036  Extra kext: EFI\CLOVER\kexts\Other\FakeSMC_CPUSensors.kext (v.1765)
22:067  0:020  Extra kext: EFI\CLOVER\kexts\Other\FakeSMC_GPUSensors.kext (v.1765)
22:095  0:028  Extra kext: EFI\CLOVER\kexts\Other\FakeSMC_ACPISensors.kext (v.1765)
22:132  0:036  Extra kext: EFI\CLOVER\kexts\Other\FakeSMC_LPCSensors.kext (v.1765)
22:689  0:557  Preparing kexts injection for arch=x86_64 from EFI\CLOVER\kexts\10.14
22:689  0:000  Extra kext: EFI\CLOVER\kexts\10.14\WhateverGreen.kext (v.1.2.1)
22:725  0:036  Extra kext: EFI\CLOVER\kexts\10.14\USBInjectAll.kext (v.0.6.4)
24:138  1:412  Extra kext: EFI\CLOVER\kexts\10.14\RealtekRTL8111.kext (v.2.2.2)
24:169  0:031  Extra kext: EFI\CLOVER\kexts\10.14\Lilu.kext (v.1.2.6)
24:196  0:026  Extra kext: EFI\CLOVER\kexts\10.14\AirportBrcmFixup.kext (v.1.1.0)
24:227  0:030  Extra kext: EFI\CLOVER\kexts\10.14\AHCI_Intel_Generic_SATA.kext (v.0.5)
24:251  0:024  Custom boot screen not used because entry has unset use graphics
24:252  0:000  Closing log
